[2021-4-23 21:3:36] [INFO] Booting the 'CORS' middleware...
[2021-4-23 21:3:36] [INFO] Booting the 'HTTP' middleware...
[2021-4-23 21:3:36] [INFO] Routes :: Mounting API Routes...
[2021-4-23 21:3:36] [ERROR] TypeError: _cluster.on is not a function
    at NativeEvent.cluster (/app/main.js:1945:18)
    at Object.<anonymous> (/app/main.js:304:27)
    at __webpack_require__ (/app/main.js:20:30)
    at Object.<anonymous> (/app/main.js:268:18)
    at __webpack_require__ (/app/main.js:20:30)
    at /app/main.js:84:18
    at Object.<anonymous> (/app/main.js:87:10)
    at Module._compile (internal/modules/cjs/loader.js:1063:30)
    at Object.Module._extensions..js (internal/modules/cjs/loader.js:1092:10)
    at Module.load (internal/modules/cjs/loader.js:928:32)
    at Function.Module._load (internal/modules/cjs/loader.js:769:14)
    at Function.executeUserEntryPoint [as runMain] (internal/modules/run_main.js:72:12)
    at internal/main/run_main_module.js:17:47
[2021-4-23 21:3:36] [INFO] Queue :: #1 Processing of type 'checkout'
[2021-4-23 21:3:36] [INFO] Queue :: #1 Processed
[2021-4-23 21:3:36] [INFO] Queue :: #1 Removed Processed Job
[2021-4-23 21:3:37] [INFO] Booting the 'CORS' middleware...
[2021-4-23 21:3:37] [INFO] Booting the 'HTTP' middleware...
[2021-4-23 21:3:37] [INFO] Routes :: Mounting API Routes...
[2021-4-23 21:3:37] [INFO] Database :: Booting @ Master...
[2021-4-23 21:3:37] [INFO] Server :: Booting @ Master...
[2021-4-23 21:3:37] [INFO] Booting the 'CORS' middleware...
[2021-4-23 21:3:37] [INFO] Booting the 'HTTP' middleware...
[2021-4-23 21:3:37] [INFO] Routes :: Mounting API Routes...
[2021-4-23 21:3:37] [INFO] Database :: Booting @ Master...
[2021-4-23 21:3:37] [INFO] Server :: Booting @ Master...
[2021-4-23 21:3:37] [INFO] Booting the 'CORS' middleware...
[2021-4-23 21:3:37] [INFO] Booting the 'HTTP' middleware...
[2021-4-23 21:3:37] [INFO] Routes :: Mounting API Routes...
[2021-4-23 21:3:37] [INFO] Database :: Booting @ Master...
[2021-4-23 21:3:37] [INFO] Server :: Booting @ Master...
[2021-4-23 21:3:37] [INFO] connected to mongo server at: mongodb://cookingblog:SFqFMg8D5maUW47bNDAJNGELkTTm26@mongo.nvnapp.ga/cookingblog?authSource=admin
[2021-4-23 21:3:37] [INFO] Booting the 'CORS' middleware...
[2021-4-23 21:3:37] [INFO] Booting the 'HTTP' middleware...
[2021-4-23 21:3:37] [INFO] Routes :: Mounting API Routes...
[2021-4-23 21:3:37] [INFO] Database :: Booting @ Master...
[2021-4-23 21:3:37] [INFO] Server :: Booting @ Master...
[2021-4-23 21:3:37] [INFO] connected to mongo server at: mongodb://cookingblog:SFqFMg8D5maUW47bNDAJNGELkTTm26@mongo.nvnapp.ga/cookingblog?authSource=admin
[2021-4-23 21:3:37] [INFO] connected to mongo server at: mongodb://cookingblog:SFqFMg8D5maUW47bNDAJNGELkTTm26@mongo.nvnapp.ga/cookingblog?authSource=admin
[2021-4-23 21:3:37] [INFO] connected to mongo server at: mongodb://cookingblog:SFqFMg8D5maUW47bNDAJNGELkTTm26@mongo.nvnapp.ga/cookingblog?authSource=admin
[2021-4-23 21:4:20] [INFO] Booting the 'CORS' middleware...
[2021-4-23 21:4:20] [INFO] Booting the 'HTTP' middleware...
[2021-4-23 21:4:20] [INFO] Routes :: Mounting API Routes...
[2021-4-23 21:4:20] [ERROR] TypeError: _cluster.on is not a function
    at NativeEvent.cluster (/app/main.js:1945:18)
    at Object.<anonymous> (/app/main.js:304:27)
    at __webpack_require__ (/app/main.js:20:30)
    at Object.<anonymous> (/app/main.js:268:18)
    at __webpack_require__ (/app/main.js:20:30)
    at /app/main.js:84:18
    at Object.<anonymous> (/app/main.js:87:10)
    at Module._compile (internal/modules/cjs/loader.js:1063:30)
    at Object.Module._extensions..js (internal/modules/cjs/loader.js:1092:10)
    at Module.load (internal/modules/cjs/loader.js:928:32)
    at Function.Module._load (internal/modules/cjs/loader.js:769:14)
    at Function.executeUserEntryPoint [as runMain] (internal/modules/run_main.js:72:12)
    at internal/main/run_main_module.js:17:47
[2021-4-23 21:4:20] [INFO] Queue :: #1 Processing of type 'checkout'
[2021-4-23 21:4:20] [INFO] Queue :: #1 Processed
[2021-4-23 21:4:20] [INFO] Queue :: #1 Removed Processed Job
[2021-4-23 21:4:22] [INFO] Booting the 'CORS' middleware...
[2021-4-23 21:4:22] [INFO] Booting the 'HTTP' middleware...
[2021-4-23 21:4:22] [INFO] Routes :: Mounting API Routes...
[2021-4-23 21:4:22] [INFO] Database :: Booting @ Master...
[2021-4-23 21:4:22] [INFO] Server :: Booting @ Master...
[2021-4-23 21:4:22] [INFO] Booting the 'CORS' middleware...
[2021-4-23 21:4:22] [INFO] Booting the 'HTTP' middleware...
[2021-4-23 21:4:22] [INFO] Routes :: Mounting API Routes...
[2021-4-23 21:4:22] [INFO] Database :: Booting @ Master...
[2021-4-23 21:4:22] [INFO] Server :: Booting @ Master...
[2021-4-23 21:4:22] [INFO] Booting the 'CORS' middleware...
[2021-4-23 21:4:22] [INFO] Booting the 'HTTP' middleware...
[2021-4-23 21:4:22] [INFO] Routes :: Mounting API Routes...
[2021-4-23 21:4:22] [INFO] Database :: Booting @ Master...
[2021-4-23 21:4:22] [INFO] Server :: Booting @ Master...
[2021-4-23 21:4:22] [INFO] Booting the 'CORS' middleware...
[2021-4-23 21:4:22] [INFO] Booting the 'HTTP' middleware...
[2021-4-23 21:4:22] [INFO] Routes :: Mounting API Routes...
[2021-4-23 21:4:22] [INFO] Database :: Booting @ Master...
[2021-4-23 21:4:22] [INFO] Server :: Booting @ Master...
[2021-4-23 21:4:22] [INFO] connected to mongo server at: mongodb://cookingblog:SFqFMg8D5maUW47bNDAJNGELkTTm26@mongo.nvnapp.ga/cookingblog?authSource=admin
[2021-4-23 21:4:22] [INFO] connected to mongo server at: mongodb://cookingblog:SFqFMg8D5maUW47bNDAJNGELkTTm26@mongo.nvnapp.ga/cookingblog?authSource=admin
[2021-4-23 21:4:22] [INFO] connected to mongo server at: mongodb://cookingblog:SFqFMg8D5maUW47bNDAJNGELkTTm26@mongo.nvnapp.ga/cookingblog?authSource=admin
[2021-4-23 21:4:22] [INFO] connected to mongo server at: mongodb://cookingblog:SFqFMg8D5maUW47bNDAJNGELkTTm26@mongo.nvnapp.ga/cookingblog?authSource=admin
[2021-4-23 21:4:22] [ERROR] Path '/api//ingredients/tapioca%20pearls/herbal%20jelly' not found [IP: '::ffff:192.168.160.4']!
